[2023-07-16 11:59:12]--[src_cgi/login_cgi.c:288]--buf = {
    "pwd": "e10adc3949ba59abbe56e057f20f883e",
    "user": "kevin_666"
}

[2023-07-16 11:59:12]--[src_cgi/login_cgi.c:294]--user = kevin_666, pwd = e10adc3949ba59abbe56e057f20f883e
[2023-07-16 11:59:12]--[src_cgi/login_cgi.c:101]--mysql_user = root, mysql_pwd = 123456, mysql_db = cloud_disk
[2023-07-16 11:59:27]--[src_cgi/login_cgi.c:288]--buf = {
    "pwd": "e10adc3949ba59abbe56e057f20f883e",
    "user": "aaa"
}

[2023-07-16 11:59:27]--[src_cgi/login_cgi.c:294]--user = aaa, pwd = e10adc3949ba59abbe56e057f20f883e
[2023-07-16 11:59:27]--[src_cgi/login_cgi.c:101]--mysql_user = root, mysql_pwd = 123456, mysql_db = cloud_disk
[2023-07-16 11:59:27]--[src_cgi/login_cgi.c:161]--redis:[ip=127.0.0.1,port=6379]
[2023-07-16 11:59:27]--[src_cgi/login_cgi.c:185]--tmp = aaa56056448882
[2023-07-16 11:59:27]--[src_cgi/login_cgi.c:201]--base64 = kAm+YhQ2tLW9qR0sW6UqtA==
[2023-07-16 11:59:27]--[src_cgi/login_cgi.c:303]--token = 2b75e924a4e0373b6ee9852d2cd45ec8
[2023-07-16 12:00:21]--[src_cgi/login_cgi.c:288]--buf = {
    "pwd": "e10adc3949ba59abbe56e057f20f883e",
    "user": "fff"
}

[2023-07-16 12:00:21]--[src_cgi/login_cgi.c:294]--user = fff, pwd = e10adc3949ba59abbe56e057f20f883e
[2023-07-16 12:00:21]--[src_cgi/login_cgi.c:101]--mysql_user = root, mysql_pwd = 123456, mysql_db = cloud_disk
[2023-07-16 12:18:07]--[src_cgi/login_cgi.c:288]--buf = {
    "pwd": "e10adc3949ba59abbe56e057f20f883e",
    "user": "fff"
}

[2023-07-16 12:18:07]--[src_cgi/login_cgi.c:294]--user = fff, pwd = e10adc3949ba59abbe56e057f20f883e
[2023-07-16 12:18:07]--[src_cgi/login_cgi.c:101]--mysql_user = root, mysql_pwd = 123456, mysql_db = cloud_disk
[2023-07-16 12:18:07]--[src_cgi/login_cgi.c:161]--redis:[ip=127.0.0.1,port=6379]
[2023-07-16 12:18:07]--[src_cgi/login_cgi.c:185]--tmp = fff312492360755
[2023-07-16 12:18:07]--[src_cgi/login_cgi.c:201]--base64 = hzAVJP37lk4diE3zfjO/aA==
[2023-07-16 12:18:07]--[src_cgi/login_cgi.c:303]--token = c448213c1a9695393ffdc5045934c8aa
[2023-07-16 12:46:54]--[src_cgi/login_cgi.c:288]--buf = {
    "pwd": "e10adc3949ba59abbe56e057f20f883e",
    "user": "fff"
}

[2023-07-16 12:46:54]--[src_cgi/login_cgi.c:294]--user = fff, pwd = e10adc3949ba59abbe56e057f20f883e
[2023-07-16 12:46:54]--[src_cgi/login_cgi.c:101]--mysql_user = root, mysql_pwd = 123456, mysql_db = cloud_disk
[2023-07-16 12:46:54]--[src_cgi/login_cgi.c:161]--redis:[ip=127.0.0.1,port=6379]
[2023-07-16 12:46:54]--[src_cgi/login_cgi.c:185]--tmp = fff94957664310
[2023-07-16 12:46:54]--[src_cgi/login_cgi.c:201]--base64 = 1N7OwvHWtGZMvHynJow/1A==
[2023-07-16 12:46:54]--[src_cgi/login_cgi.c:303]--token = 5ef06f257745722a0f558a4f83353b1f
