[2023-07-04 02:32:13]--[src_cgi/md5_cgi.c:40]--mysql:[user=root,pwd=123456,database=cloud_disk][2023-07-04 07:03:13]--[src_cgi/md5_cgi.c:40]--mysql:[user=root,pwd=123456,database=cloud_disk][2023-07-04 07:11:08]--[src_cgi/md5_cgi.c:339]--buf = {
    "fileName": "ui_titlewidget.h",
    "md5": "a3d6415e1c7b348d311b447a1bcd794a",
    "token": "ed5362c39999d49ea39b588138d3227e",
    "user": "ad"
}

[2023-07-04 07:11:08]--[src_cgi/md5_cgi.c:361]--user = ad, token = ed5362c39999d49ea39b588138d3227e, md5 = a3d6415e1c7b348d311b447a1bcd794a, filename = ui_titlewidget.h
[2023-07-04 07:13:45]--[src_cgi/md5_cgi.c:339]--buf = {
    "fileName": "ui_login.h",
    "md5": "a607f80f4d61f59cc83443b133d5e7d9",
    "token": "ed5362c39999d49ea39b588138d3227e",
    "user": "ad"
}

[2023-07-04 07:13:45]--[src_cgi/md5_cgi.c:361]--user = ad, token = ed5362c39999d49ea39b588138d3227e, md5 = a607f80f4d61f59cc83443b133d5e7d9, filename = ui_login.h
[2023-07-04 07:14:56]--[src_cgi/md5_cgi.c:339]--buf = {
    "fileName": "Makefile",
    "md5": "6954e630792eabb5f742cc8548031c85",
    "token": "90892bc63674c0db575d929549eae889",
    "user": "ee"
}

[2023-07-04 07:14:56]--[src_cgi/md5_cgi.c:361]--user = ee, token = 90892bc63674c0db575d929549eae889, md5 = 6954e630792eabb5f742cc8548031c85, filename = Makefile
